2019-06-23 11:21:46,872 [INFO] [main] com.ddc.server.DDCServerApplication [StartupInfoLogger.java : 50] Starting DDCServerApplication on DESKTOP-1DGJ543 with PID 10812 (E:\GitHubProject\ddc-parent\ddc_server\target\classes started by muqi1118 in E:\GitHubProject\ddc-parent)
2019-06-23 11:21:46,909 [INFO] [main] com.ddc.server.DDCServerApplication [SpringApplication.java : 675] No active profile set, falling back to default profiles: default
2019-06-23 11:21:49,527 [INFO] [main] o.s.c.s.PostProcessorRegistrationDelegate$BeanPostProcessorChecker [PostProcessorRegistrationDelegate.java : 330] Bean 'transactionalConfig' of type [com.ddc.server.config.db.TransactionalConfig$$EnhancerBySpringCGLIB$$1d49d869] is not eligible for getting processed by all BeanPostProcessors (for example: not eligible for auto-proxying)
2019-06-23 11:21:49,693 [INFO] [main] o.s.c.s.PostProcessorRegistrationDelegate$BeanPostProcessorChecker [PostProcessorRegistrationDelegate.java : 330] Bean 'org.springframework.transaction.annotation.ProxyTransactionManagementConfiguration' of type [org.springframework.transaction.annotation.ProxyTransactionManagementConfiguration$$EnhancerBySpringCGLIB$$3dd04830] is not eligible for getting processed by all BeanPostProcessors (for example: not eligible for auto-proxying)
2019-06-23 11:21:49,734 [INFO] [main] o.s.c.s.PostProcessorRegistrationDelegate$BeanPostProcessorChecker [PostProcessorRegistrationDelegate.java : 330] Bean 'shiroConfig' of type [com.ddc.server.shiro.ShiroConfig$$EnhancerBySpringCGLIB$$cf7327f8] is not eligible for getting processed by all BeanPostProcessors (for example: not eligible for auto-proxying)
2019-06-23 11:21:49,757 [INFO] [main] o.s.c.s.PostProcessorRegistrationDelegate$BeanPostProcessorChecker [PostProcessorRegistrationDelegate.java : 330] Bean 'hashedCredentialsMatcher' of type [org.apache.shiro.authc.credential.HashedCredentialsMatcher] is not eligible for getting processed by all BeanPostProcessors (for example: not eligible for auto-proxying)
2019-06-23 11:21:49,765 [INFO] [main] o.s.c.s.PostProcessorRegistrationDelegate$BeanPostProcessorChecker [PostProcessorRegistrationDelegate.java : 330] Bean 'myRealm' of type [com.ddc.server.shiro.MyRealm] is not eligible for getting processed by all BeanPostProcessors (for example: not eligible for auto-proxying)
2019-06-23 11:21:50,789 [INFO] [main] o.s.c.s.PostProcessorRegistrationDelegate$BeanPostProcessorChecker [PostProcessorRegistrationDelegate.java : 330] Bean 'securityManager' of type [org.apache.shiro.web.mgt.DefaultWebSecurityManager] is not eligible for getting processed by all BeanPostProcessors (for example: not eligible for auto-proxying)
2019-06-23 11:21:50,805 [INFO] [main] o.s.c.s.PostProcessorRegistrationDelegate$BeanPostProcessorChecker [PostProcessorRegistrationDelegate.java : 330] Bean 'org.springframework.hateoas.config.HateoasConfiguration' of type [org.springframework.hateoas.config.HateoasConfiguration$$EnhancerBySpringCGLIB$$bd509562] is not eligible for getting processed by all BeanPostProcessors (for example: not eligible for auto-proxying)
2019-06-23 11:21:51,511 [INFO] [main] org.springframework.boot.web.embedded.tomcat.TomcatWebServer [TomcatWebServer.java : 90] Tomcat initialized with port(s): 8081 (http)
2019-06-23 11:21:51,552 [INFO] [main] org.apache.catalina.core.StandardService [DirectJDKLog.java : 173] Starting service [Tomcat]
2019-06-23 11:21:51,553 [INFO] [main] org.apache.catalina.core.StandardEngine [DirectJDKLog.java : 173] Starting Servlet engine: [Apache Tomcat/9.0.19]
2019-06-23 11:21:51,563 [INFO] [main] org.apache.catalina.core.AprLifecycleListener [DirectJDKLog.java : 173] An older version [1.2.19] of the APR based Apache Tomcat Native library is installed, while Tomcat recommends a minimum version of [1.2.21]
2019-06-23 11:21:51,563 [INFO] [main] org.apache.catalina.core.AprLifecycleListener [DirectJDKLog.java : 173] Loaded APR based Apache Tomcat Native library [1.2.19] using APR version [1.6.5].
2019-06-23 11:21:51,564 [INFO] [main] org.apache.catalina.core.AprLifecycleListener [DirectJDKLog.java : 173] APR capabilities: IPv6 [true], sendfile [true], accept filters [false], random [true].
2019-06-23 11:21:51,565 [INFO] [main] org.apache.catalina.core.AprLifecycleListener [DirectJDKLog.java : 173] APR/OpenSSL configuration: useAprConnector [false], useOpenSSL [true]
2019-06-23 11:21:51,575 [INFO] [main] org.apache.catalina.core.AprLifecycleListener [DirectJDKLog.java : 173] OpenSSL successfully initialized [OpenSSL 1.1.1a  20 Nov 2018]
2019-06-23 11:21:53,103 [INFO] [main] org.apache.jasper.servlet.TldScanner [DirectJDKLog.java : 173] At least one JAR was scanned for TLDs yet contained no TLDs. Enable debug logging for this logger for a complete list of JARs that were scanned but no TLDs were found in them. Skipping unneeded JARs during scanning can improve startup time and JSP compilation time.
2019-06-23 11:21:53,111 [INFO] [main] o.a.catalina.core.ContainerBase.[Tomcat].[localhost].[/] [DirectJDKLog.java : 173] Initializing Spring embedded WebApplicationContext
2019-06-23 11:21:53,111 [INFO] [main] org.springframework.web.context.ContextLoader [ServletWebServerApplicationContext.java : 296] Root WebApplicationContext: initialization completed in 6087 ms
2019-06-23 11:21:56,827 [ERROR] [main] com.alibaba.druid.pool.DruidDataSource [DruidDataSource.java : 875] init datasource error, url: jdbc:mysql://localhost:3306/ddc?useUnicode=true&characterEncoding=utf8&useSSL=false
com.mysql.jdbc.exceptions.jdbc4.CommunicationsException: Communications link failure

The last packet sent successfully to the server was 0 milliseconds ago. The driver has not received any packets from the server.
	at sun.reflect.NativeConstructorAccessorImpl.newInstance0(Native Method)
	at sun.reflect.NativeConstructorAccessorImpl.newInstance(NativeConstructorAccessorImpl.java:62)
	at sun.reflect.DelegatingConstructorAccessorImpl.newInstance(DelegatingConstructorAccessorImpl.java:45)
	at java.lang.reflect.Constructor.newInstance(Constructor.java:423)
	at com.mysql.jdbc.Util.handleNewInstance(Util.java:404)
	at com.mysql.jdbc.SQLError.createCommunicationsException(SQLError.java:981)
	at com.mysql.jdbc.MysqlIO.<init>(MysqlIO.java:339)
	at com.mysql.jdbc.ConnectionImpl.coreConnect(ConnectionImpl.java:2253)
	at com.mysql.jdbc.ConnectionImpl.connectOneTryOnly(ConnectionImpl.java:2286)
	at com.mysql.jdbc.ConnectionImpl.createNewIO(ConnectionImpl.java:2085)
	at com.mysql.jdbc.ConnectionImpl.<init>(ConnectionImpl.java:795)
	at com.mysql.jdbc.JDBC4Connection.<init>(JDBC4Connection.java:44)
	at sun.reflect.NativeConstructorAccessorImpl.newInstance0(Native Method)
	at sun.reflect.NativeConstructorAccessorImpl.newInstance(NativeConstructorAccessorImpl.java:62)
	at sun.reflect.DelegatingConstructorAccessorImpl.newInstance(DelegatingConstructorAccessorImpl.java:45)
	at java.lang.reflect.Constructor.newInstance(Constructor.java:423)
	at com.mysql.jdbc.Util.handleNewInstance(Util.java:404)
	at com.mysql.jdbc.ConnectionImpl.getInstance(ConnectionImpl.java:400)
	at com.mysql.jdbc.NonRegisteringDriver.connect(NonRegisteringDriver.java:327)
	at com.alibaba.druid.filter.FilterChainImpl.connection_connect(FilterChainImpl.java:149)
	at com.alibaba.druid.filter.FilterAdapter.connection_connect(FilterAdapter.java:786)
	at com.alibaba.druid.filter.FilterEventAdapter.connection_connect(FilterEventAdapter.java:38)
	at com.alibaba.druid.filter.FilterChainImpl.connection_connect(FilterChainImpl.java:143)
	at com.alibaba.druid.filter.FilterAdapter.connection_connect(FilterAdapter.java:786)
	at com.alibaba.druid.filter.FilterChainImpl.connection_connect(FilterChainImpl.java:143)
	at com.alibaba.druid.filter.stat.StatFilter.connection_connect(StatFilter.java:218)
	at com.alibaba.druid.filter.FilterChainImpl.connection_connect(FilterChainImpl.java:143)
	at com.alibaba.druid.pool.DruidAbstractDataSource.createPhysicalConnection(DruidAbstractDataSource.java:1470)
	at com.alibaba.druid.pool.DruidAbstractDataSource.createPhysicalConnection(DruidAbstractDataSource.java:1533)
	at com.alibaba.druid.pool.DruidDataSource.init(DruidDataSource.java:864)
	at com.alibaba.druid.pool.DruidDataSource.getConnection(DruidDataSource.java:1215)
	at com.alibaba.druid.pool.DruidDataSource.getConnection(DruidDataSource.java:1211)
	at com.alibaba.druid.pool.DruidDataSource.getConnection(DruidDataSource.java:105)
	at com.baomidou.mybatisplus.toolkit.GlobalConfigUtils.setMetaData(GlobalConfigUtils.java:187)
	at com.baomidou.mybatisplus.spring.MybatisSqlSessionFactoryBean.buildSqlSessionFactory(MybatisSqlSessionFactoryBean.java:560)
	at com.baomidou.mybatisplus.spring.MybatisSqlSessionFactoryBean.afterPropertiesSet(MybatisSqlSessionFactoryBean.java:385)
	at com.baomidou.mybatisplus.spring.MybatisSqlSessionFactoryBean.getObject(MybatisSqlSessionFactoryBean.java:608)
	at com.baomidou.mybatisplus.spring.boot.starter.MybatisPlusAutoConfiguration.sqlSessionFactory(MybatisPlusAutoConfiguration.java:147)
	at com.baomidou.mybatisplus.spring.boot.starter.MybatisPlusAutoConfiguration$$EnhancerBySpringCGLIB$$8b6fe68d.CGLIB$sqlSessionFactory$0(<generated>)
	at com.baomidou.mybatisplus.spring.boot.starter.MybatisPlusAutoConfiguration$$EnhancerBySpringCGLIB$$8b6fe68d$$FastClassBySpringCGLIB$$55b21138.invoke(<generated>)
	at org.springframework.cglib.proxy.MethodProxy.invokeSuper(MethodProxy.java:244)
	at org.springframework.context.annotation.ConfigurationClassEnhancer$BeanMethodInterceptor.intercept(ConfigurationClassEnhancer.java:363)
	at com.baomidou.mybatisplus.spring.boot.starter.MybatisPlusAutoConfiguration$$EnhancerBySpringCGLIB$$8b6fe68d.sqlSessionFactory(<generated>)
	at sun.reflect.NativeMethodAccessorImpl.invoke0(Native Method)
	at sun.reflect.NativeMethodAccessorImpl.invoke(NativeMethodAccessorImpl.java:62)
	at sun.reflect.DelegatingMethodAccessorImpl.invoke(DelegatingMethodAccessorImpl.java:43)
	at java.lang.reflect.Method.invoke(Method.java:498)
	at org.springframework.beans.factory.support.SimpleInstantiationStrategy.instantiate(SimpleInstantiationStrategy.java:154)
	at org.springframework.beans.factory.support.ConstructorResolver.instantiate(ConstructorResolver.java:622)
	at org.springframework.beans.factory.support.ConstructorResolver.instantiateUsingFactoryMethod(ConstructorResolver.java:607)
	at org.springframework.beans.factory.support.AbstractAutowireCapableBeanFactory.instantiateUsingFactoryMethod(AbstractAutowireCapableBeanFactory.java:1321)
	at org.springframework.beans.factory.support.AbstractAutowireCapableBeanFactory.createBeanInstance(AbstractAutowireCapableBeanFactory.java:1160)
	at org.springframework.beans.factory.support.AbstractAutowireCapableBeanFactory.doCreateBean(AbstractAutowireCapableBeanFactory.java:555)
	at org.springframework.beans.factory.support.AbstractAutowireCapableBeanFactory.createBean(AbstractAutowireCapableBeanFactory.java:515)
	at org.springframework.beans.factory.support.AbstractBeanFactory.lambda$doGetBean$0(AbstractBeanFactory.java:320)
	at org.springframework.beans.factory.support.DefaultSingletonBeanRegistry.getSingleton(DefaultSingletonBeanRegistry.java:222)
	at org.springframework.beans.factory.support.AbstractBeanFactory.doGetBean(AbstractBeanFactory.java:318)
	at org.springframework.beans.factory.support.AbstractBeanFactory.getBean(AbstractBeanFactory.java:199)
	at org.springframework.beans.factory.config.DependencyDescriptor.resolveCandidate(DependencyDescriptor.java:277)
	at org.springframework.beans.factory.support.DefaultListableBeanFactory.doResolveDependency(DefaultListableBeanFactory.java:1248)
	at org.springframework.beans.factory.support.DefaultListableBeanFactory.resolveDependency(DefaultListableBeanFactory.java:1168)
	at org.springframework.beans.factory.support.AbstractAutowireCapableBeanFactory.autowireByType(AbstractAutowireCapableBeanFactory.java:1500)
	at org.springframework.beans.factory.support.AbstractAutowireCapableBeanFactory.populateBean(AbstractAutowireCapableBeanFactory.java:1395)
	at org.springframework.beans.factory.support.AbstractAutowireCapableBeanFactory.doCreateBean(AbstractAutowireCapableBeanFactory.java:592)
	at org.springframework.beans.factory.support.AbstractAutowireCapableBeanFactory.createBean(AbstractAutowireCapableBeanFactory.java:515)
	at org.springframework.beans.factory.support.AbstractBeanFactory.lambda$doGetBean$0(AbstractBeanFactory.java:320)
	at org.springframework.beans.factory.support.DefaultSingletonBeanRegistry.getSingleton(DefaultSingletonBeanRegistry.java:222)
	at org.springframework.beans.factory.support.AbstractBeanFactory.doGetBean(AbstractBeanFactory.java:318)
	at org.springframework.beans.factory.support.AbstractBeanFactory.getBean(AbstractBeanFactory.java:199)
	at org.springframework.beans.factory.config.DependencyDescriptor.resolveCandidate(DependencyDescriptor.java:277)
	at org.springframework.beans.factory.support.DefaultListableBeanFactory.doResolveDependency(DefaultListableBeanFactory.java:1248)
	at org.springframework.beans.factory.support.DefaultListableBeanFactory.resolveDependency(DefaultListableBeanFactory.java:1168)
	at org.springframework.context.annotation.CommonAnnotationBeanPostProcessor.autowireResource(CommonAnnotationBeanPostProcessor.java:520)
	at org.springframework.context.annotation.CommonAnnotationBeanPostProcessor.getResource(CommonAnnotationBeanPostProcessor.java:496)
	at org.springframework.context.annotation.CommonAnnotationBeanPostProcessor$ResourceElement.getResourceToInject(CommonAnnotationBeanPostProcessor.java:636)
	at org.springframework.beans.factory.annotation.InjectionMetadata$InjectedElement.inject(InjectionMetadata.java:180)
	at org.springframework.beans.factory.annotation.InjectionMetadata.inject(InjectionMetadata.java:90)
	at org.springframework.context.annotation.CommonAnnotationBeanPostProcessor.postProcessProperties(CommonAnnotationBeanPostProcessor.java:321)
	at org.springframework.beans.factory.support.AbstractAutowireCapableBeanFactory.populateBean(AbstractAutowireCapableBeanFactory.java:1411)
	at org.springframework.beans.factory.support.AbstractAutowireCapableBeanFactory.doCreateBean(AbstractAutowireCapableBeanFactory.java:592)
	at org.springframework.beans.factory.support.AbstractAutowireCapableBeanFactory.createBean(AbstractAutowireCapableBeanFactory.java:515)
	at org.springframework.beans.factory.support.AbstractBeanFactory.lambda$doGetBean$0(AbstractBeanFactory.java:320)
	at org.springframework.beans.factory.support.DefaultSingletonBeanRegistry.getSingleton(DefaultSingletonBeanRegistry.java:222)
	at org.springframework.beans.factory.support.AbstractBeanFactory.doGetBean(AbstractBeanFactory.java:318)
	at org.springframework.beans.factory.support.AbstractBeanFactory.getBean(AbstractBeanFactory.java:199)
	at org.springframework.beans.factory.config.DependencyDescriptor.resolveCandidate(DependencyDescriptor.java:277)
	at org.springframework.beans.factory.support.DefaultListableBeanFactory.doResolveDependency(DefaultListableBeanFactory.java:1248)
	at org.springframework.beans.factory.support.DefaultListableBeanFactory.resolveDependency(DefaultListableBeanFactory.java:1168)
	at org.springframework.context.annotation.CommonAnnotationBeanPostProcessor.autowireResource(CommonAnnotationBeanPostProcessor.java:520)
	at org.springframework.context.annotation.CommonAnnotationBeanPostProcessor.getResource(CommonAnnotationBeanPostProcessor.java:496)
	at org.springframework.context.annotation.CommonAnnotationBeanPostProcessor$ResourceElement.getResourceToInject(CommonAnnotationBeanPostProcessor.java:636)
	at org.springframework.beans.factory.annotation.InjectionMetadata$InjectedElement.inject(InjectionMetadata.java:180)
	at org.springframework.beans.factory.annotation.InjectionMetadata.inject(InjectionMetadata.java:90)
	at org.springframework.context.annotation.CommonAnnotationBeanPostProcessor.postProcessProperties(CommonAnnotationBeanPostProcessor.java:321)
	at org.springframework.beans.factory.support.AbstractAutowireCapableBeanFactory.populateBean(AbstractAutowireCapableBeanFactory.java:1411)
	at org.springframework.beans.factory.support.AbstractAutowireCapableBeanFactory.doCreateBean(AbstractAutowireCapableBeanFactory.java:592)
	at org.springframework.beans.factory.support.AbstractAutowireCapableBeanFactory.createBean(AbstractAutowireCapableBeanFactory.java:515)
	at org.springframework.beans.factory.support.AbstractBeanFactory.lambda$doGetBean$0(AbstractBeanFactory.java:320)
	at org.springframework.beans.factory.support.DefaultSingletonBeanRegistry.getSingleton(DefaultSingletonBeanRegistry.java:222)
	at org.springframework.beans.factory.support.AbstractBeanFactory.doGetBean(AbstractBeanFactory.java:318)
	at org.springframework.beans.factory.support.AbstractBeanFactory.getBean(AbstractBeanFactory.java:199)
	at org.springframework.beans.factory.support.DefaultListableBeanFactory.preInstantiateSingletons(DefaultListableBeanFactory.java:843)
	at org.springframework.context.support.AbstractApplicationContext.finishBeanFactoryInitialization(AbstractApplicationContext.java:877)
	at org.springframework.context.support.AbstractApplicationContext.refresh(AbstractApplicationContext.java:549)
	at org.springframework.boot.web.servlet.context.ServletWebServerApplicationContext.refresh(ServletWebServerApplicationContext.java:142)
	at org.springframework.boot.SpringApplication.refresh(SpringApplication.java:775)
	at org.springframework.boot.SpringApplication.refreshContext(SpringApplication.java:397)
	at org.springframework.boot.SpringApplication.run(SpringApplication.java:316)
	at org.springframework.boot.SpringApplication.run(SpringApplication.java:1260)
	at org.springframework.boot.SpringApplication.run(SpringApplication.java:1248)
	at com.ddc.server.DDCServerApplication.main(DDCServerApplication.java:23)
Caused by: java.net.ConnectException: Connection refused: connect
	at java.net.DualStackPlainSocketImpl.connect0(Native Method)
	at java.net.DualStackPlainSocketImpl.socketConnect(DualStackPlainSocketImpl.java:79)
	at java.net.AbstractPlainSocketImpl.doConnect(AbstractPlainSocketImpl.java:350)
	at java.net.AbstractPlainSocketImpl.connectToAddress(AbstractPlainSocketImpl.java:206)
	at java.net.AbstractPlainSocketImpl.connect(AbstractPlainSocketImpl.java:188)
	at java.net.PlainSocketImpl.connect(PlainSocketImpl.java:172)
	at java.net.SocksSocketImpl.connect(SocksSocketImpl.java:392)
	at java.net.Socket.connect(Socket.java:589)
	at com.mysql.jdbc.StandardSocketFactory.connect(StandardSocketFactory.java:211)
	at com.mysql.jdbc.MysqlIO.<init>(MysqlIO.java:298)
	... 104 common frames omitted
2019-06-23 11:21:56,833 [ERROR] [main] com.alibaba.druid.pool.DruidDataSource [DruidDataSource.java : 907] {dataSource-1} init error
com.mysql.jdbc.exceptions.jdbc4.CommunicationsException: Communications link failure

The last packet sent successfully to the server was 0 milliseconds ago. The driver has not received any packets from the server.
	at sun.reflect.NativeConstructorAccessorImpl.newInstance0(Native Method)
	at sun.reflect.NativeConstructorAccessorImpl.newInstance(NativeConstructorAccessorImpl.java:62)
	at sun.reflect.DelegatingConstructorAccessorImpl.newInstance(DelegatingConstructorAccessorImpl.java:45)
	at java.lang.reflect.Constructor.newInstance(Constructor.java:423)
	at com.mysql.jdbc.Util.handleNewInstance(Util.java:404)
	at com.mysql.jdbc.SQLError.createCommunicationsException(SQLError.java:981)
	at com.mysql.jdbc.MysqlIO.<init>(MysqlIO.java:339)
	at com.mysql.jdbc.ConnectionImpl.coreConnect(ConnectionImpl.java:2253)
	at com.mysql.jdbc.ConnectionImpl.connectOneTryOnly(ConnectionImpl.java:2286)
	at com.mysql.jdbc.ConnectionImpl.createNewIO(ConnectionImpl.java:2085)
	at com.mysql.jdbc.ConnectionImpl.<init>(ConnectionImpl.java:795)
	at com.mysql.jdbc.JDBC4Connection.<init>(JDBC4Connection.java:44)
	at sun.reflect.NativeConstructorAccessorImpl.newInstance0(Native Method)
	at sun.reflect.NativeConstructorAccessorImpl.newInstance(NativeConstructorAccessorImpl.java:62)
	at sun.reflect.DelegatingConstructorAccessorImpl.newInstance(DelegatingConstructorAccessorImpl.java:45)
	at java.lang.reflect.Constructor.newInstance(Constructor.java:423)
	at com.mysql.jdbc.Util.handleNewInstance(Util.java:404)
	at com.mysql.jdbc.ConnectionImpl.getInstance(ConnectionImpl.java:400)
	at com.mysql.jdbc.NonRegisteringDriver.connect(NonRegisteringDriver.java:327)
	at com.alibaba.druid.filter.FilterChainImpl.connection_connect(FilterChainImpl.java:149)
	at com.alibaba.druid.filter.FilterAdapter.connection_connect(FilterAdapter.java:786)
	at com.alibaba.druid.filter.FilterEventAdapter.connection_connect(FilterEventAdapter.java:38)
	at com.alibaba.druid.filter.FilterChainImpl.connection_connect(FilterChainImpl.java:143)
	at com.alibaba.druid.filter.FilterAdapter.connection_connect(FilterAdapter.java:786)
	at com.alibaba.druid.filter.FilterChainImpl.connection_connect(FilterChainImpl.java:143)
	at com.alibaba.druid.filter.stat.StatFilter.connection_connect(StatFilter.java:218)
	at com.alibaba.druid.filter.FilterChainImpl.connection_connect(FilterChainImpl.java:143)
	at com.alibaba.druid.pool.DruidAbstractDataSource.createPhysicalConnection(DruidAbstractDataSource.java:1470)
	at com.alibaba.druid.pool.DruidAbstractDataSource.createPhysicalConnection(DruidAbstractDataSource.java:1533)
	at com.alibaba.druid.pool.DruidDataSource.init(DruidDataSource.java:864)
	at com.alibaba.druid.pool.DruidDataSource.getConnection(DruidDataSource.java:1215)
	at com.alibaba.druid.pool.DruidDataSource.getConnection(DruidDataSource.java:1211)
	at com.alibaba.druid.pool.DruidDataSource.getConnection(DruidDataSource.java:105)
	at com.baomidou.mybatisplus.toolkit.GlobalConfigUtils.setMetaData(GlobalConfigUtils.java:187)
	at com.baomidou.mybatisplus.spring.MybatisSqlSessionFactoryBean.buildSqlSessionFactory(MybatisSqlSessionFactoryBean.java:560)
	at com.baomidou.mybatisplus.spring.MybatisSqlSessionFactoryBean.afterPropertiesSet(MybatisSqlSessionFactoryBean.java:385)
	at com.baomidou.mybatisplus.spring.MybatisSqlSessionFactoryBean.getObject(MybatisSqlSessionFactoryBean.java:608)
	at com.baomidou.mybatisplus.spring.boot.starter.MybatisPlusAutoConfiguration.sqlSessionFactory(MybatisPlusAutoConfiguration.java:147)
	at com.baomidou.mybatisplus.spring.boot.starter.MybatisPlusAutoConfiguration$$EnhancerBySpringCGLIB$$8b6fe68d.CGLIB$sqlSessionFactory$0(<generated>)
	at com.baomidou.mybatisplus.spring.boot.starter.MybatisPlusAutoConfiguration$$EnhancerBySpringCGLIB$$8b6fe68d$$FastClassBySpringCGLIB$$55b21138.invoke(<generated>)
	at org.springframework.cglib.proxy.MethodProxy.invokeSuper(MethodProxy.java:244)
	at org.springframework.context.annotation.ConfigurationClassEnhancer$BeanMethodInterceptor.intercept(ConfigurationClassEnhancer.java:363)
	at com.baomidou.mybatisplus.spring.boot.starter.MybatisPlusAutoConfiguration$$EnhancerBySpringCGLIB$$8b6fe68d.sqlSessionFactory(<generated>)
	at sun.reflect.NativeMethodAccessorImpl.invoke0(Native Method)
	at sun.reflect.NativeMethodAccessorImpl.invoke(NativeMethodAccessorImpl.java:62)
	at sun.reflect.DelegatingMethodAccessorImpl.invoke(DelegatingMethodAccessorImpl.java:43)
	at java.lang.reflect.Method.invoke(Method.java:498)
	at org.springframework.beans.factory.support.SimpleInstantiationStrategy.instantiate(SimpleInstantiationStrategy.java:154)
	at org.springframework.beans.factory.support.ConstructorResolver.instantiate(ConstructorResolver.java:622)
	at org.springframework.beans.factory.support.ConstructorResolver.instantiateUsingFactoryMethod(ConstructorResolver.java:607)
	at org.springframework.beans.factory.support.AbstractAutowireCapableBeanFactory.instantiateUsingFactoryMethod(AbstractAutowireCapableBeanFactory.java:1321)
	at org.springframework.beans.factory.support.AbstractAutowireCapableBeanFactory.createBeanInstance(AbstractAutowireCapableBeanFactory.java:1160)
	at org.springframework.beans.factory.support.AbstractAutowireCapableBeanFactory.doCreateBean(AbstractAutowireCapableBeanFactory.java:555)
	at org.springframework.beans.factory.support.AbstractAutowireCapableBeanFactory.createBean(AbstractAutowireCapableBeanFactory.java:515)
	at org.springframework.beans.factory.support.AbstractBeanFactory.lambda$doGetBean$0(AbstractBeanFactory.java:320)
	at org.springframework.beans.factory.support.DefaultSingletonBeanRegistry.getSingleton(DefaultSingletonBeanRegistry.java:222)
	at org.springframework.beans.factory.support.AbstractBeanFactory.doGetBean(AbstractBeanFactory.java:318)
	at org.springframework.beans.factory.support.AbstractBeanFactory.getBean(AbstractBeanFactory.java:199)
	at org.springframework.beans.factory.config.DependencyDescriptor.resolveCandidate(DependencyDescriptor.java:277)
	at org.springframework.beans.factory.support.DefaultListableBeanFactory.doResolveDependency(DefaultListableBeanFactory.java:1248)
	at org.springframework.beans.factory.support.DefaultListableBeanFactory.resolveDependency(DefaultListableBeanFactory.java:1168)
	at org.springframework.beans.factory.support.AbstractAutowireCapableBeanFactory.autowireByType(AbstractAutowireCapableBeanFactory.java:1500)
	at org.springframework.beans.factory.support.AbstractAutowireCapableBeanFactory.populateBean(AbstractAutowireCapableBeanFactory.java:1395)
	at org.springframework.beans.factory.support.AbstractAutowireCapableBeanFactory.doCreateBean(AbstractAutowireCapableBeanFactory.java:592)
	at org.springframework.beans.factory.support.AbstractAutowireCapableBeanFactory.createBean(AbstractAutowireCapableBeanFactory.java:515)
	at org.springframework.beans.factory.support.AbstractBeanFactory.lambda$doGetBean$0(AbstractBeanFactory.java:320)
	at org.springframework.beans.factory.support.DefaultSingletonBeanRegistry.getSingleton(DefaultSingletonBeanRegistry.java:222)
	at org.springframework.beans.factory.support.AbstractBeanFactory.doGetBean(AbstractBeanFactory.java:318)
	at org.springframework.beans.factory.support.AbstractBeanFactory.getBean(AbstractBeanFactory.java:199)
	at org.springframework.beans.factory.config.DependencyDescriptor.resolveCandidate(DependencyDescriptor.java:277)
	at org.springframework.beans.factory.support.DefaultListableBeanFactory.doResolveDependency(DefaultListableBeanFactory.java:1248)
	at org.springframework.beans.factory.support.DefaultListableBeanFactory.resolveDependency(DefaultListableBeanFactory.java:1168)
	at org.springframework.context.annotation.CommonAnnotationBeanPostProcessor.autowireResource(CommonAnnotationBeanPostProcessor.java:520)
	at org.springframework.context.annotation.CommonAnnotationBeanPostProcessor.getResource(CommonAnnotationBeanPostProcessor.java:496)
	at org.springframework.context.annotation.CommonAnnotationBeanPostProcessor$ResourceElement.getResourceToInject(CommonAnnotationBeanPostProcessor.java:636)
	at org.springframework.beans.factory.annotation.InjectionMetadata$InjectedElement.inject(InjectionMetadata.java:180)
	at org.springframework.beans.factory.annotation.InjectionMetadata.inject(InjectionMetadata.java:90)
	at org.springframework.context.annotation.CommonAnnotationBeanPostProcessor.postProcessProperties(CommonAnnotationBeanPostProcessor.java:321)
	at org.springframework.beans.factory.support.AbstractAutowireCapableBeanFactory.populateBean(AbstractAutowireCapableBeanFactory.java:1411)
	at org.springframework.beans.factory.support.AbstractAutowireCapableBeanFactory.doCreateBean(AbstractAutowireCapableBeanFactory.java:592)
	at org.springframework.beans.factory.support.AbstractAutowireCapableBeanFactory.createBean(AbstractAutowireCapableBeanFactory.java:515)
	at org.springframework.beans.factory.support.AbstractBeanFactory.lambda$doGetBean$0(AbstractBeanFactory.java:320)
	at org.springframework.beans.factory.support.DefaultSingletonBeanRegistry.getSingleton(DefaultSingletonBeanRegistry.java:222)
	at org.springframework.beans.factory.support.AbstractBeanFactory.doGetBean(AbstractBeanFactory.java:318)
	at org.springframework.beans.factory.support.AbstractBeanFactory.getBean(AbstractBeanFactory.java:199)
	at org.springframework.beans.factory.config.DependencyDescriptor.resolveCandidate(DependencyDescriptor.java:277)
	at org.springframework.beans.factory.support.DefaultListableBeanFactory.doResolveDependency(DefaultListableBeanFactory.java:1248)
	at org.springframework.beans.factory.support.DefaultListableBeanFactory.resolveDependency(DefaultListableBeanFactory.java:1168)
	at org.springframework.context.annotation.CommonAnnotationBeanPostProcessor.autowireResource(CommonAnnotationBeanPostProcessor.java:520)
	at org.springframework.context.annotation.CommonAnnotationBeanPostProcessor.getResource(CommonAnnotationBeanPostProcessor.java:496)
	at org.springframework.context.annotation.CommonAnnotationBeanPostProcessor$ResourceElement.getResourceToInject(CommonAnnotationBeanPostProcessor.java:636)
	at org.springframework.beans.factory.annotation.InjectionMetadata$InjectedElement.inject(InjectionMetadata.java:180)
	at org.springframework.beans.factory.annotation.InjectionMetadata.inject(InjectionMetadata.java:90)
	at org.springframework.context.annotation.CommonAnnotationBeanPostProcessor.postProcessProperties(CommonAnnotationBeanPostProcessor.java:321)
	at org.springframework.beans.factory.support.AbstractAutowireCapableBeanFactory.populateBean(AbstractAutowireCapableBeanFactory.java:1411)
	at org.springframework.beans.factory.support.AbstractAutowireCapableBeanFactory.doCreateBean(AbstractAutowireCapableBeanFactory.java:592)
	at org.springframework.beans.factory.support.AbstractAutowireCapableBeanFactory.createBean(AbstractAutowireCapableBeanFactory.java:515)
	at org.springframework.beans.factory.support.AbstractBeanFactory.lambda$doGetBean$0(AbstractBeanFactory.java:320)
	at org.springframework.beans.factory.support.DefaultSingletonBeanRegistry.getSingleton(DefaultSingletonBeanRegistry.java:222)
	at org.springframework.beans.factory.support.AbstractBeanFactory.doGetBean(AbstractBeanFactory.java:318)
	at org.springframework.beans.factory.support.AbstractBeanFactory.getBean(AbstractBeanFactory.java:199)
	at org.springframework.beans.factory.support.DefaultListableBeanFactory.preInstantiateSingletons(DefaultListableBeanFactory.java:843)
	at org.springframework.context.support.AbstractApplicationContext.finishBeanFactoryInitialization(AbstractApplicationContext.java:877)
	at org.springframework.context.support.AbstractApplicationContext.refresh(AbstractApplicationContext.java:549)
	at org.springframework.boot.web.servlet.context.ServletWebServerApplicationContext.refresh(ServletWebServerApplicationContext.java:142)
	at org.springframework.boot.SpringApplication.refresh(SpringApplication.java:775)
	at org.springframework.boot.SpringApplication.refreshContext(SpringApplication.java:397)
	at org.springframework.boot.SpringApplication.run(SpringApplication.java:316)
	at org.springframework.boot.SpringApplication.run(SpringApplication.java:1260)
	at org.springframework.boot.SpringApplication.run(SpringApplication.java:1248)
	at com.ddc.server.DDCServerApplication.main(DDCServerApplication.java:23)
Caused by: java.net.ConnectException: Connection refused: connect
	at java.net.DualStackPlainSocketImpl.connect0(Native Method)
	at java.net.DualStackPlainSocketImpl.socketConnect(DualStackPlainSocketImpl.java:79)
	at java.net.AbstractPlainSocketImpl.doConnect(AbstractPlainSocketImpl.java:350)
	at java.net.AbstractPlainSocketImpl.connectToAddress(AbstractPlainSocketImpl.java:206)
	at java.net.AbstractPlainSocketImpl.connect(AbstractPlainSocketImpl.java:188)
	at java.net.PlainSocketImpl.connect(PlainSocketImpl.java:172)
	at java.net.SocksSocketImpl.connect(SocksSocketImpl.java:392)
	at java.net.Socket.connect(Socket.java:589)
	at com.mysql.jdbc.StandardSocketFactory.connect(StandardSocketFactory.java:211)
	at com.mysql.jdbc.MysqlIO.<init>(MysqlIO.java:298)
	... 104 common frames omitted
2019-06-23 11:21:56,836 [INFO] [main] com.alibaba.druid.pool.DruidDataSource [DruidDataSource.java : 932] {dataSource-1} inited
2019-06-23 11:21:56,841 [WARN] [main] o.s.b.w.s.c.AnnotationConfigServletWebServerApplicationContext [AbstractApplicationContext.java : 557] Exception encountered during context initialization - cancelling refresh attempt: org.springframework.beans.factory.BeanCreationException: Error creating bean with name 'adminController': Injection of resource dependencies failed; nested exception is org.springframework.beans.factory.BeanCreationException: Error creating bean with name 'DDCAdminServiceImpl': Injection of resource dependencies failed; nested exception is org.springframework.beans.factory.UnsatisfiedDependencyException: Error creating bean with name 'DDCAdminMapper' defined in file [E:\GitHubProject\ddc-parent\ddc_server\target\classes\com\ddc\server\mapper\DDCAdminMapper.class]: Unsatisfied dependency expressed through bean property 'sqlSessionFactory'; nested exception is org.springframework.beans.factory.BeanCreationException: Error creating bean with name 'sqlSessionFactory' defined in class path resource [com/baomidou/mybatisplus/spring/boot/starter/MybatisPlusAutoConfiguration.class]: Bean instantiation via factory method failed; nested exception is org.springframework.beans.BeanInstantiationException: Failed to instantiate [org.apache.ibatis.session.SqlSessionFactory]: Factory method 'sqlSessionFactory' threw exception; nested exception is com.baomidou.mybatisplus.exceptions.MybatisPlusException: Error: GlobalConfigUtils setMetaData Fail !  Cause:com.mysql.jdbc.exceptions.jdbc4.CommunicationsException: Communications link failure

The last packet sent successfully to the server was 0 milliseconds ago. The driver has not received any packets from the server.
2019-06-23 11:21:56,843 [INFO] [main] com.alibaba.druid.pool.DruidDataSource [DruidDataSource.java : 1712] {dataSource-1} closed
2019-06-23 11:21:56,850 [INFO] [main] org.apache.catalina.core.StandardService [DirectJDKLog.java : 173] Stopping service [Tomcat]
2019-06-23 11:21:56,866 [INFO] [main] o.s.b.a.logging.ConditionEvaluationReportLoggingListener [ConditionEvaluationReportLoggingListener.java : 142] 

Error starting ApplicationContext. To display the conditions report re-run your application with 'debug' enabled.
2019-06-23 11:21:56,882 [ERROR] [main] org.springframework.boot.SpringApplication [SpringApplication.java : 858] Application run failed
org.springframework.beans.factory.BeanCreationException: Error creating bean with name 'adminController': Injection of resource dependencies failed; nested exception is org.springframework.beans.factory.BeanCreationException: Error creating bean with name 'DDCAdminServiceImpl': Injection of resource dependencies failed; nested exception is org.springframework.beans.factory.UnsatisfiedDependencyException: Error creating bean with name 'DDCAdminMapper' defined in file [E:\GitHubProject\ddc-parent\ddc_server\target\classes\com\ddc\server\mapper\DDCAdminMapper.class]: Unsatisfied dependency expressed through bean property 'sqlSessionFactory'; nested exception is org.springframework.beans.factory.BeanCreationException: Error creating bean with name 'sqlSessionFactory' defined in class path resource [com/baomidou/mybatisplus/spring/boot/starter/MybatisPlusAutoConfiguration.class]: Bean instantiation via factory method failed; nested exception is org.springframework.beans.BeanInstantiationException: Failed to instantiate [org.apache.ibatis.session.SqlSessionFactory]: Factory method 'sqlSessionFactory' threw exception; nested exception is com.baomidou.mybatisplus.exceptions.MybatisPlusException: Error: GlobalConfigUtils setMetaData Fail !  Cause:com.mysql.jdbc.exceptions.jdbc4.CommunicationsException: Communications link failure

The last packet sent successfully to the server was 0 milliseconds ago. The driver has not received any packets from the server.
	at org.springframework.context.annotation.CommonAnnotationBeanPostProcessor.postProcessProperties(CommonAnnotationBeanPostProcessor.java:324)
	at org.springframework.beans.factory.support.AbstractAutowireCapableBeanFactory.populateBean(AbstractAutowireCapableBeanFactory.java:1411)
	at org.springframework.beans.factory.support.AbstractAutowireCapableBeanFactory.doCreateBean(AbstractAutowireCapableBeanFactory.java:592)
	at org.springframework.beans.factory.support.AbstractAutowireCapableBeanFactory.createBean(AbstractAutowireCapableBeanFactory.java:515)
	at org.springframework.beans.factory.support.AbstractBeanFactory.lambda$doGetBean$0(AbstractBeanFactory.java:320)
	at org.springframework.beans.factory.support.DefaultSingletonBeanRegistry.getSingleton(DefaultSingletonBeanRegistry.java:222)
	at org.springframework.beans.factory.support.AbstractBeanFactory.doGetBean(AbstractBeanFactory.java:318)
	at org.springframework.beans.factory.support.AbstractBeanFactory.getBean(AbstractBeanFactory.java:199)
	at org.springframework.beans.factory.support.DefaultListableBeanFactory.preInstantiateSingletons(DefaultListableBeanFactory.java:843)
	at org.springframework.context.support.AbstractApplicationContext.finishBeanFactoryInitialization(AbstractApplicationContext.java:877)
	at org.springframework.context.support.AbstractApplicationContext.refresh(AbstractApplicationContext.java:549)
	at org.springframework.boot.web.servlet.context.ServletWebServerApplicationContext.refresh(ServletWebServerApplicationContext.java:142)
	at org.springframework.boot.SpringApplication.refresh(SpringApplication.java:775)
	at org.springframework.boot.SpringApplication.refreshContext(SpringApplication.java:397)
	at org.springframework.boot.SpringApplication.run(SpringApplication.java:316)
	at org.springframework.boot.SpringApplication.run(SpringApplication.java:1260)
	at org.springframework.boot.SpringApplication.run(SpringApplication.java:1248)
	at com.ddc.server.DDCServerApplication.main(DDCServerApplication.java:23)
Caused by: org.springframework.beans.factory.BeanCreationException: Error creating bean with name 'DDCAdminServiceImpl': Injection of resource dependencies failed; nested exception is org.springframework.beans.factory.UnsatisfiedDependencyException: Error creating bean with name 'DDCAdminMapper' defined in file [E:\GitHubProject\ddc-parent\ddc_server\target\classes\com\ddc\server\mapper\DDCAdminMapper.class]: Unsatisfied dependency expressed through bean property 'sqlSessionFactory'; nested exception is org.springframework.beans.factory.BeanCreationException: Error creating bean with name 'sqlSessionFactory' defined in class path resource [com/baomidou/mybatisplus/spring/boot/starter/MybatisPlusAutoConfiguration.class]: Bean instantiation via factory method failed; nested exception is org.springframework.beans.BeanInstantiationException: Failed to instantiate [org.apache.ibatis.session.SqlSessionFactory]: Factory method 'sqlSessionFactory' threw exception; nested exception is com.baomidou.mybatisplus.exceptions.MybatisPlusException: Error: GlobalConfigUtils setMetaData Fail !  Cause:com.mysql.jdbc.exceptions.jdbc4.CommunicationsException: Communications link failure

The last packet sent successfully to the server was 0 milliseconds ago. The driver has not received any packets from the server.
	at org.springframework.context.annotation.CommonAnnotationBeanPostProcessor.postProcessProperties(CommonAnnotationBeanPostProcessor.java:324)
	at org.springframework.beans.factory.support.AbstractAutowireCapableBeanFactory.populateBean(AbstractAutowireCapableBeanFactory.java:1411)
	at org.springframework.beans.factory.support.AbstractAutowireCapableBeanFactory.doCreateBean(AbstractAutowireCapableBeanFactory.java:592)
	at org.springframework.beans.factory.support.AbstractAutowireCapableBeanFactory.createBean(AbstractAutowireCapableBeanFactory.java:515)
	at org.springframework.beans.factory.support.AbstractBeanFactory.lambda$doGetBean$0(AbstractBeanFactory.java:320)
	at org.springframework.beans.factory.support.DefaultSingletonBeanRegistry.getSingleton(DefaultSingletonBeanRegistry.java:222)
	at org.springframework.beans.factory.support.AbstractBeanFactory.doGetBean(AbstractBeanFactory.java:318)
	at org.springframework.beans.factory.support.AbstractBeanFactory.getBean(AbstractBeanFactory.java:199)
	at org.springframework.beans.factory.config.DependencyDescriptor.resolveCandidate(DependencyDescriptor.java:277)
	at org.springframework.beans.factory.support.DefaultListableBeanFactory.doResolveDependency(DefaultListableBeanFactory.java:1248)
	at org.springframework.beans.factory.support.DefaultListableBeanFactory.resolveDependency(DefaultListableBeanFactory.java:1168)
	at org.springframework.context.annotation.CommonAnnotationBeanPostProcessor.autowireResource(CommonAnnotationBeanPostProcessor.java:520)
	at org.springframework.context.annotation.CommonAnnotationBeanPostProcessor.getResource(CommonAnnotationBeanPostProcessor.java:496)
	at org.springframework.context.annotation.CommonAnnotationBeanPostProcessor$ResourceElement.getResourceToInject(CommonAnnotationBeanPostProcessor.java:636)
	at org.springframework.beans.factory.annotation.InjectionMetadata$InjectedElement.inject(InjectionMetadata.java:180)
	at org.springframework.beans.factory.annotation.InjectionMetadata.inject(InjectionMetadata.java:90)
	at org.springframework.context.annotation.CommonAnnotationBeanPostProcessor.postProcessProperties(CommonAnnotationBeanPostProcessor.java:321)
	... 17 common frames omitted
Caused by: org.springframework.beans.factory.UnsatisfiedDependencyException: Error creating bean with name 'DDCAdminMapper' defined in file [E:\GitHubProject\ddc-parent\ddc_server\target\classes\com\ddc\server\mapper\DDCAdminMapper.class]: Unsatisfied dependency expressed through bean property 'sqlSessionFactory'; nested exception is org.springframework.beans.factory.BeanCreationException: Error creating bean with name 'sqlSessionFactory' defined in class path resource [com/baomidou/mybatisplus/spring/boot/starter/MybatisPlusAutoConfiguration.class]: Bean instantiation via factory method failed; nested exception is org.springframework.beans.BeanInstantiationException: Failed to instantiate [org.apache.ibatis.session.SqlSessionFactory]: Factory method 'sqlSessionFactory' threw exception; nested exception is com.baomidou.mybatisplus.exceptions.MybatisPlusException: Error: GlobalConfigUtils setMetaData Fail !  Cause:com.mysql.jdbc.exceptions.jdbc4.CommunicationsException: Communications link failure

The last packet sent successfully to the server was 0 milliseconds ago. The driver has not received any packets from the server.
	at org.springframework.beans.factory.support.AbstractAutowireCapableBeanFactory.autowireByType(AbstractAutowireCapableBeanFactory.java:1515)
	at org.springframework.beans.factory.support.AbstractAutowireCapableBeanFactory.populateBean(AbstractAutowireCapableBeanFactory.java:1395)
	at org.springframework.beans.factory.support.AbstractAutowireCapableBeanFactory.doCreateBean(AbstractAutowireCapableBeanFactory.java:592)
	at org.springframework.beans.factory.support.AbstractAutowireCapableBeanFactory.createBean(AbstractAutowireCapableBeanFactory.java:515)
	at org.springframework.beans.factory.support.AbstractBeanFactory.lambda$doGetBean$0(AbstractBeanFactory.java:320)
	at org.springframework.beans.factory.support.DefaultSingletonBeanRegistry.getSingleton(DefaultSingletonBeanRegistry.java:222)
	at org.springframework.beans.factory.support.AbstractBeanFactory.doGetBean(AbstractBeanFactory.java:318)
	at org.springframework.beans.factory.support.AbstractBeanFactory.getBean(AbstractBeanFactory.java:199)
	at org.springframework.beans.factory.config.DependencyDescriptor.resolveCandidate(DependencyDescriptor.java:277)
	at org.springframework.beans.factory.support.DefaultListableBeanFactory.doResolveDependency(DefaultListableBeanFactory.java:1248)
	at org.springframework.beans.factory.support.DefaultListableBeanFactory.resolveDependency(DefaultListableBeanFactory.java:1168)
	at org.springframework.context.annotation.CommonAnnotationBeanPostProcessor.autowireResource(CommonAnnotationBeanPostProcessor.java:520)
	at org.springframework.context.annotation.CommonAnnotationBeanPostProcessor.getResource(CommonAnnotationBeanPostProcessor.java:496)
	at org.springframework.context.annotation.CommonAnnotationBeanPostProcessor$ResourceElement.getResourceToInject(CommonAnnotationBeanPostProcessor.java:636)
	at org.springframework.beans.factory.annotation.InjectionMetadata$InjectedElement.inject(InjectionMetadata.java:180)
	at org.springframework.beans.factory.annotation.InjectionMetadata.inject(InjectionMetadata.java:90)
	at org.springframework.context.annotation.CommonAnnotationBeanPostProcessor.postProcessProperties(CommonAnnotationBeanPostProcessor.java:321)
	... 33 common frames omitted
Caused by: org.springframework.beans.factory.BeanCreationException: Error creating bean with name 'sqlSessionFactory' defined in class path resource [com/baomidou/mybatisplus/spring/boot/starter/MybatisPlusAutoConfiguration.class]: Bean instantiation via factory method failed; nested exception is org.springframework.beans.BeanInstantiationException: Failed to instantiate [org.apache.ibatis.session.SqlSessionFactory]: Factory method 'sqlSessionFactory' threw exception; nested exception is com.baomidou.mybatisplus.exceptions.MybatisPlusException: Error: GlobalConfigUtils setMetaData Fail !  Cause:com.mysql.jdbc.exceptions.jdbc4.CommunicationsException: Communications link failure

The last packet sent successfully to the server was 0 milliseconds ago. The driver has not received any packets from the server.
	at org.springframework.beans.factory.support.ConstructorResolver.instantiate(ConstructorResolver.java:627)
	at org.springframework.beans.factory.support.ConstructorResolver.instantiateUsingFactoryMethod(ConstructorResolver.java:607)
	at org.springframework.beans.factory.support.AbstractAutowireCapableBeanFactory.instantiateUsingFactoryMethod(AbstractAutowireCapableBeanFactory.java:1321)
	at org.springframework.beans.factory.support.AbstractAutowireCapableBeanFactory.createBeanInstance(AbstractAutowireCapableBeanFactory.java:1160)
	at org.springframework.beans.factory.support.AbstractAutowireCapableBeanFactory.doCreateBean(AbstractAutowireCapableBeanFactory.java:555)
	at org.springframework.beans.factory.support.AbstractAutowireCapableBeanFactory.createBean(AbstractAutowireCapableBeanFactory.java:515)
	at org.springframework.beans.factory.support.AbstractBeanFactory.lambda$doGetBean$0(AbstractBeanFactory.java:320)
	at org.springframework.beans.factory.support.DefaultSingletonBeanRegistry.getSingleton(DefaultSingletonBeanRegistry.java:222)
	at org.springframework.beans.factory.support.AbstractBeanFactory.doGetBean(AbstractBeanFactory.java:318)
	at org.springframework.beans.factory.support.AbstractBeanFactory.getBean(AbstractBeanFactory.java:199)
	at org.springframework.beans.factory.config.DependencyDescriptor.resolveCandidate(DependencyDescriptor.java:277)
	at org.springframework.beans.factory.support.DefaultListableBeanFactory.doResolveDependency(DefaultListableBeanFactory.java:1248)
	at org.springframework.beans.factory.support.DefaultListableBeanFactory.resolveDependency(DefaultListableBeanFactory.java:1168)
	at org.springframework.beans.factory.support.AbstractAutowireCapableBeanFactory.autowireByType(AbstractAutowireCapableBeanFactory.java:1500)
	... 49 common frames omitted
Caused by: org.springframework.beans.BeanInstantiationException: Failed to instantiate [org.apache.ibatis.session.SqlSessionFactory]: Factory method 'sqlSessionFactory' threw exception; nested exception is com.baomidou.mybatisplus.exceptions.MybatisPlusException: Error: GlobalConfigUtils setMetaData Fail !  Cause:com.mysql.jdbc.exceptions.jdbc4.CommunicationsException: Communications link failure

The last packet sent successfully to the server was 0 milliseconds ago. The driver has not received any packets from the server.
	at org.springframework.beans.factory.support.SimpleInstantiationStrategy.instantiate(SimpleInstantiationStrategy.java:185)
	at org.springframework.beans.factory.support.ConstructorResolver.instantiate(ConstructorResolver.java:622)
	... 62 common frames omitted
Caused by: com.baomidou.mybatisplus.exceptions.MybatisPlusException: Error: GlobalConfigUtils setMetaData Fail !  Cause:com.mysql.jdbc.exceptions.jdbc4.CommunicationsException: Communications link failure

The last packet sent successfully to the server was 0 milliseconds ago. The driver has not received any packets from the server.
	at com.baomidou.mybatisplus.toolkit.GlobalConfigUtils.setMetaData(GlobalConfigUtils.java:196)
	at com.baomidou.mybatisplus.spring.MybatisSqlSessionFactoryBean.buildSqlSessionFactory(MybatisSqlSessionFactoryBean.java:560)
	at com.baomidou.mybatisplus.spring.MybatisSqlSessionFactoryBean.afterPropertiesSet(MybatisSqlSessionFactoryBean.java:385)
	at com.baomidou.mybatisplus.spring.MybatisSqlSessionFactoryBean.getObject(MybatisSqlSessionFactoryBean.java:608)
	at com.baomidou.mybatisplus.spring.boot.starter.MybatisPlusAutoConfiguration.sqlSessionFactory(MybatisPlusAutoConfiguration.java:147)
	at com.baomidou.mybatisplus.spring.boot.starter.MybatisPlusAutoConfiguration$$EnhancerBySpringCGLIB$$8b6fe68d.CGLIB$sqlSessionFactory$0(<generated>)
	at com.baomidou.mybatisplus.spring.boot.starter.MybatisPlusAutoConfiguration$$EnhancerBySpringCGLIB$$8b6fe68d$$FastClassBySpringCGLIB$$55b21138.invoke(<generated>)
	at org.springframework.cglib.proxy.MethodProxy.invokeSuper(MethodProxy.java:244)
	at org.springframework.context.annotation.ConfigurationClassEnhancer$BeanMethodInterceptor.intercept(ConfigurationClassEnhancer.java:363)
	at com.baomidou.mybatisplus.spring.boot.starter.MybatisPlusAutoConfiguration$$EnhancerBySpringCGLIB$$8b6fe68d.sqlSessionFactory(<generated>)
	at sun.reflect.NativeMethodAccessorImpl.invoke0(Native Method)
	at sun.reflect.NativeMethodAccessorImpl.invoke(NativeMethodAccessorImpl.java:62)
	at sun.reflect.DelegatingMethodAccessorImpl.invoke(DelegatingMethodAccessorImpl.java:43)
	at java.lang.reflect.Method.invoke(Method.java:498)
	at org.springframework.beans.factory.support.SimpleInstantiationStrategy.instantiate(SimpleInstantiationStrategy.java:154)
	... 63 common frames omitted
2019-06-23 11:57:29,885 [INFO] [main] com.ddc.server.DDCServerApplication [StartupInfoLogger.java : 50] Starting DDCServerApplication on DESKTOP-1DGJ543 with PID 4156 (E:\GitHubProject\ddc-parent\ddc_server\target\classes started by muqi1118 in E:\GitHubProject\ddc-parent)
2019-06-23 11:57:29,891 [INFO] [main] com.ddc.server.DDCServerApplication [SpringApplication.java : 675] No active profile set, falling back to default profiles: default
2019-06-23 11:57:32,542 [INFO] [main] o.s.c.s.PostProcessorRegistrationDelegate$BeanPostProcessorChecker [PostProcessorRegistrationDelegate.java : 330] Bean 'transactionalConfig' of type [com.ddc.server.config.db.TransactionalConfig$$EnhancerBySpringCGLIB$$1f3bf89c] is not eligible for getting processed by all BeanPostProcessors (for example: not eligible for auto-proxying)
2019-06-23 11:57:32,692 [INFO] [main] o.s.c.s.PostProcessorRegistrationDelegate$BeanPostProcessorChecker [PostProcessorRegistrationDelegate.java : 330] Bean 'org.springframework.transaction.annotation.ProxyTransactionManagementConfiguration' of type [org.springframework.transaction.annotation.ProxyTransactionManagementConfiguration$$EnhancerBySpringCGLIB$$3fc26863] is not eligible for getting processed by all BeanPostProcessors (for example: not eligible for auto-proxying)
2019-06-23 11:57:32,758 [INFO] [main] o.s.c.s.PostProcessorRegistrationDelegate$BeanPostProcessorChecker [PostProcessorRegistrationDelegate.java : 330] Bean 'shiroConfig' of type [com.ddc.server.shiro.ShiroConfig$$EnhancerBySpringCGLIB$$d165482b] is not eligible for getting processed by all BeanPostProcessors (for example: not eligible for auto-proxying)
2019-06-23 11:57:32,778 [INFO] [main] o.s.c.s.PostProcessorRegistrationDelegate$BeanPostProcessorChecker [PostProcessorRegistrationDelegate.java : 330] Bean 'hashedCredentialsMatcher' of type [org.apache.shiro.authc.credential.HashedCredentialsMatcher] is not eligible for getting processed by all BeanPostProcessors (for example: not eligible for auto-proxying)
2019-06-23 11:57:32,784 [INFO] [main] o.s.c.s.PostProcessorRegistrationDelegate$BeanPostProcessorChecker [PostProcessorRegistrationDelegate.java : 330] Bean 'myRealm' of type [com.ddc.server.shiro.MyRealm] is not eligible for getting processed by all BeanPostProcessors (for example: not eligible for auto-proxying)
2019-06-23 11:57:33,869 [INFO] [main] o.s.c.s.PostProcessorRegistrationDelegate$BeanPostProcessorChecker [PostProcessorRegistrationDelegate.java : 330] Bean 'securityManager' of type [org.apache.shiro.web.mgt.DefaultWebSecurityManager] is not eligible for getting processed by all BeanPostProcessors (for example: not eligible for auto-proxying)
2019-06-23 11:57:33,881 [INFO] [main] o.s.c.s.PostProcessorRegistrationDelegate$BeanPostProcessorChecker [PostProcessorRegistrationDelegate.java : 330] Bean 'org.springframework.hateoas.config.HateoasConfiguration' of type [org.springframework.hateoas.config.HateoasConfiguration$$EnhancerBySpringCGLIB$$bf42b595] is not eligible for getting processed by all BeanPostProcessors (for example: not eligible for auto-proxying)
2019-06-23 11:57:34,547 [INFO] [main] org.springframework.boot.web.embedded.tomcat.TomcatWebServer [TomcatWebServer.java : 90] Tomcat initialized with port(s): 8081 (http)
2019-06-23 11:57:34,586 [INFO] [main] org.apache.catalina.core.StandardService [DirectJDKLog.java : 173] Starting service [Tomcat]
2019-06-23 11:57:34,587 [INFO] [main] org.apache.catalina.core.StandardEngine [DirectJDKLog.java : 173] Starting Servlet engine: [Apache Tomcat/9.0.19]
2019-06-23 11:57:34,595 [INFO] [main] org.apache.catalina.core.AprLifecycleListener [DirectJDKLog.java : 173] An older version [1.2.19] of the APR based Apache Tomcat Native library is installed, while Tomcat recommends a minimum version of [1.2.21]
2019-06-23 11:57:34,596 [INFO] [main] org.apache.catalina.core.AprLifecycleListener [DirectJDKLog.java : 173] Loaded APR based Apache Tomcat Native library [1.2.19] using APR version [1.6.5].
2019-06-23 11:57:34,596 [INFO] [main] org.apache.catalina.core.AprLifecycleListener [DirectJDKLog.java : 173] APR capabilities: IPv6 [true], sendfile [true], accept filters [false], random [true].
2019-06-23 11:57:34,597 [INFO] [main] org.apache.catalina.core.AprLifecycleListener [DirectJDKLog.java : 173] APR/OpenSSL configuration: useAprConnector [false], useOpenSSL [true]
2019-06-23 11:57:34,603 [INFO] [main] org.apache.catalina.core.AprLifecycleListener [DirectJDKLog.java : 173] OpenSSL successfully initialized [OpenSSL 1.1.1a  20 Nov 2018]
2019-06-23 11:57:36,273 [INFO] [main] org.apache.jasper.servlet.TldScanner [DirectJDKLog.java : 173] At least one JAR was scanned for TLDs yet contained no TLDs. Enable debug logging for this logger for a complete list of JARs that were scanned but no TLDs were found in them. Skipping unneeded JARs during scanning can improve startup time and JSP compilation time.
2019-06-23 11:57:36,284 [INFO] [main] o.a.catalina.core.ContainerBase.[Tomcat].[localhost].[/] [DirectJDKLog.java : 173] Initializing Spring embedded WebApplicationContext
2019-06-23 11:57:36,285 [INFO] [main] org.springframework.web.context.ContextLoader [ServletWebServerApplicationContext.java : 296] Root WebApplicationContext: initialization completed in 6296 ms
2019-06-23 11:57:40,454 [INFO] [main] com.alibaba.druid.pool.DruidDataSource [DruidDataSource.java : 932] {dataSource-1} inited
2019-06-23 11:57:44,458 [INFO] [main] o.s.scheduling.concurrent.ThreadPoolTaskExecutor [ExecutorConfigurationSupport.java : 171] Initializing ExecutorService 'taskExecutor'
2019-06-23 11:57:44,463 [INFO] [main] o.s.scheduling.concurrent.ThreadPoolTaskExecutor [ExecutorConfigurationSupport.java : 171] Initializing ExecutorService
2019-06-23 11:57:44,464 [INFO] [main] o.s.scheduling.concurrent.ThreadPoolTaskExecutor [ExecutorConfigurationSupport.java : 171] Initializing ExecutorService 'taskAsyncPool'
2019-06-23 11:57:45,188 [INFO] [main] o.s.boot.autoconfigure.web.servlet.WelcomePageHandlerMapping [WelcomePageHandlerMapping.java : 61] Adding welcome page template: index
2019-06-23 11:57:46,076 [INFO] [main] org.springframework.boot.web.embedded.tomcat.TomcatWebServer [TomcatWebServer.java : 204] Tomcat started on port(s): 8081 (http) with context path ''
2019-06-23 11:57:46,081 [INFO] [main] com.ddc.server.DDCServerApplication [StartupInfoLogger.java : 59] Started DDCServerApplication in 17.212 seconds (JVM running for 23.293)
2019-06-23 11:57:46,095 [INFO] [main] com.ddc.server.config.web.PassUrlScanner [PassUrlScanner.java : 39] @Pass:[Constant.URLInfo(url=/index, className=com.ddc.server.controller.IndexController, pass=true, method=index, methodType=org.springframework.web.bind.annotation.RequestMapping)]
2019-06-23 11:57:46,095 [INFO] [main] com.ddc.server.config.web.PassUrlScanner [PassUrlScanner.java : 40] @Pass size:1
2019-06-23 11:58:08,552 [INFO] [http-nio-8081-exec-2] o.a.catalina.core.ContainerBase.[Tomcat].[localhost].[/] [DirectJDKLog.java : 173] Initializing Spring DispatcherServlet 'dispatcherServlet'
2019-06-23 11:58:08,595 [INFO] [http-nio-8081-exec-2] org.springframework.web.servlet.DispatcherServlet [FrameworkServlet.java : 524] Initializing Servlet 'dispatcherServlet'
2019-06-23 11:58:08,647 [INFO] [http-nio-8081-exec-2] org.springframework.web.servlet.DispatcherServlet [FrameworkServlet.java : 546] Completed initialization in 51 ms
2019-06-23 11:58:15,297 [DEBUG] [http-nio-8081-exec-5] com.ddc.server.mapper.DDCAdminMapper.selectOne [BaseJdbcLogger.java : 159] ==>  Preparing: SELECT id AS id,`name`,`password`,salt,sex,mobile,email,role_id AS roleId,remark,create_by AS createBy,create_time AS createTime,update_by AS updateBy,update_time AS updateTime,`status`,del_flag AS delFlag FROM ddc_admin WHERE `name`=? 
2019-06-23 11:58:16,702 [DEBUG] [http-nio-8081-exec-5] com.ddc.server.mapper.DDCAdminMapper.selectOne [BaseJdbcLogger.java : 159] ==> Parameters: root(String)
2019-06-23 11:58:17,586 [DEBUG] [http-nio-8081-exec-5] com.ddc.server.mapper.DDCAdminMapper.selectOne [BaseJdbcLogger.java : 159] <==      Total: 1
2019-06-23 11:58:18,134 [INFO] [http-nio-8081-exec-8] com.ddc.server.controller.IndexController [IndexController.java : 34] {"createBy":0,"createTime":"2016-06-10 12:00:00.0","delFlag":0,"email":"hello@qq.com","id":1111110000000009,"mobile":"13000480320","name":"root","password":"d5687e599e970184c3ce560a435d92e5","remark":"123","roleId":1,"salt":"root_427f8be5-9aa0-4509-9926-fba82955bb68","sex":1,"status":0,"updateBy":0,"updateTime":"2019-06-20 23:53:05.0"}
2019-06-23 11:58:18,617 [DEBUG] [http-nio-8081-exec-8] com.ddc.server.mapper.DDCAdminMapper.selectOne [BaseJdbcLogger.java : 159] ==>  Preparing: SELECT id AS id,`name`,`password`,salt,sex,mobile,email,role_id AS roleId,remark,create_by AS createBy,create_time AS createTime,update_by AS updateBy,update_time AS updateTime,`status`,del_flag AS delFlag FROM ddc_admin WHERE `name`=? 
2019-06-23 11:58:18,619 [DEBUG] [http-nio-8081-exec-8] com.ddc.server.mapper.DDCAdminMapper.selectOne [BaseJdbcLogger.java : 159] ==> Parameters: root(String)
2019-06-23 11:58:18,624 [DEBUG] [http-nio-8081-exec-8] com.ddc.server.mapper.DDCAdminMapper.selectOne [BaseJdbcLogger.java : 159] <==      Total: 1
2019-06-23 11:58:18,665 [DEBUG] [http-nio-8081-exec-8] com.ddc.server.mapper.DDCRoleAuthMapper.selectList [BaseJdbcLogger.java : 159] ==>  Preparing: SELECT id AS id,role_id AS roleId,auth_id AS authId FROM dcc_role_auth WHERE (role_id = ?) 
2019-06-23 11:58:18,668 [DEBUG] [http-nio-8081-exec-8] com.ddc.server.mapper.DDCRoleAuthMapper.selectList [BaseJdbcLogger.java : 159] ==> Parameters: 1(Long)
2019-06-23 11:58:18,683 [DEBUG] [http-nio-8081-exec-8] com.ddc.server.mapper.DDCRoleAuthMapper.selectList [BaseJdbcLogger.java : 159] <==      Total: 19
2019-06-23 11:58:18,687 [DEBUG] [http-nio-8081-exec-8] com.ddc.server.mapper.DDCAuthMapper.selectById [BaseJdbcLogger.java : 159] ==>  Preparing: SELECT id AS id,`name`,flag,p_id AS pId,`level`,create_by AS createBy,create_time AS createTime,update_by AS updateBy,update_time AS updateTime,del_flag AS delFlag FROM ddc_authority WHERE id=? 
2019-06-23 11:58:18,690 [DEBUG] [http-nio-8081-exec-8] com.ddc.server.mapper.DDCAuthMapper.selectById [BaseJdbcLogger.java : 159] ==> Parameters: 1139941080171659(Long)
2019-06-23 11:58:18,698 [DEBUG] [http-nio-8081-exec-8] com.ddc.server.mapper.DDCAuthMapper.selectById [BaseJdbcLogger.java : 159] <==      Total: 1
2019-06-23 11:58:18,700 [DEBUG] [http-nio-8081-exec-8] com.ddc.server.mapper.DDCAuthMapper.selectById [BaseJdbcLogger.java : 159] ==>  Preparing: SELECT id AS id,`name`,flag,p_id AS pId,`level`,create_by AS createBy,create_time AS createTime,update_by AS updateBy,update_time AS updateTime,del_flag AS delFlag FROM ddc_authority WHERE id=? 
2019-06-23 11:58:18,702 [DEBUG] [http-nio-8081-exec-8] com.ddc.server.mapper.DDCAuthMapper.selectById [BaseJdbcLogger.java : 159] ==> Parameters: 1139941080435900(Long)
2019-06-23 11:58:18,706 [DEBUG] [http-nio-8081-exec-8] com.ddc.server.mapper.DDCAuthMapper.selectById [BaseJdbcLogger.java : 159] <==      Total: 1
2019-06-23 11:58:18,707 [DEBUG] [http-nio-8081-exec-8] com.ddc.server.mapper.DDCAuthMapper.selectById [BaseJdbcLogger.java : 159] ==>  Preparing: SELECT id AS id,`name`,flag,p_id AS pId,`level`,create_by AS createBy,create_time AS createTime,update_by AS updateBy,update_time AS updateTime,del_flag AS delFlag FROM ddc_authority WHERE id=? 
2019-06-23 11:58:18,708 [DEBUG] [http-nio-8081-exec-8] com.ddc.server.mapper.DDCAuthMapper.selectById [BaseJdbcLogger.java : 159] ==> Parameters: 1139941080872108(Long)
2019-06-23 11:58:18,711 [DEBUG] [http-nio-8081-exec-8] com.ddc.server.mapper.DDCAuthMapper.selectById [BaseJdbcLogger.java : 159] <==      Total: 1
2019-06-23 11:58:18,712 [DEBUG] [http-nio-8081-exec-8] com.ddc.server.mapper.DDCAuthMapper.selectById [BaseJdbcLogger.java : 159] ==>  Preparing: SELECT id AS id,`name`,flag,p_id AS pId,`level`,create_by AS createBy,create_time AS createTime,update_by AS updateBy,update_time AS updateTime,del_flag AS delFlag FROM ddc_authority WHERE id=? 
2019-06-23 11:58:18,713 [DEBUG] [http-nio-8081-exec-8] com.ddc.server.mapper.DDCAuthMapper.selectById [BaseJdbcLogger.java : 159] ==> Parameters: 1139941080310071(Long)
2019-06-23 11:58:18,715 [DEBUG] [http-nio-8081-exec-8] com.ddc.server.mapper.DDCAuthMapper.selectById [BaseJdbcLogger.java : 159] <==      Total: 1
2019-06-23 11:58:18,716 [DEBUG] [http-nio-8081-exec-8] com.ddc.server.mapper.DDCAuthMapper.selectById [BaseJdbcLogger.java : 159] ==>  Preparing: SELECT id AS id,`name`,flag,p_id AS pId,`level`,create_by AS createBy,create_time AS createTime,update_by AS updateBy,update_time AS updateTime,del_flag AS delFlag FROM ddc_authority WHERE id=? 
2019-06-23 11:58:18,716 [DEBUG] [http-nio-8081-exec-8] com.ddc.server.mapper.DDCAuthMapper.selectById [BaseJdbcLogger.java : 159] ==> Parameters: 1139941081274761(Long)
2019-06-23 11:58:18,720 [DEBUG] [http-nio-8081-exec-8] com.ddc.server.mapper.DDCAuthMapper.selectById [BaseJdbcLogger.java : 159] <==      Total: 1
2019-06-23 11:58:18,723 [DEBUG] [http-nio-8081-exec-8] com.ddc.server.mapper.DDCAuthMapper.selectById [BaseJdbcLogger.java : 159] ==>  Preparing: SELECT id AS id,`name`,flag,p_id AS pId,`level`,create_by AS createBy,create_time AS createTime,update_by AS updateBy,update_time AS updateTime,del_flag AS delFlag FROM ddc_authority WHERE id=? 
2019-06-23 11:58:18,724 [DEBUG] [http-nio-8081-exec-8] com.ddc.server.mapper.DDCAuthMapper.selectById [BaseJdbcLogger.java : 159] ==> Parameters: 1139936537677512(Long)
2019-06-23 11:58:18,727 [DEBUG] [http-nio-8081-exec-8] com.ddc.server.mapper.DDCAuthMapper.selectById [BaseJdbcLogger.java : 159] <==      Total: 1
2019-06-23 11:58:18,727 [DEBUG] [http-nio-8081-exec-8] com.ddc.server.mapper.DDCAuthMapper.selectById [BaseJdbcLogger.java : 159] ==>  Preparing: SELECT id AS id,`name`,flag,p_id AS pId,`level`,create_by AS createBy,create_time AS createTime,update_by AS updateBy,update_time AS updateTime,del_flag AS delFlag FROM ddc_authority WHERE id=? 
2019-06-23 11:58:18,728 [DEBUG] [http-nio-8081-exec-8] com.ddc.server.mapper.DDCAuthMapper.selectById [BaseJdbcLogger.java : 159] ==> Parameters: 1139936538944192(Long)
2019-06-23 11:58:18,730 [DEBUG] [http-nio-8081-exec-8] com.ddc.server.mapper.DDCAuthMapper.selectById [BaseJdbcLogger.java : 159] <==      Total: 1
2019-06-23 11:58:18,732 [DEBUG] [http-nio-8081-exec-8] com.ddc.server.mapper.DDCAuthMapper.selectById [BaseJdbcLogger.java : 159] ==>  Preparing: SELECT id AS id,`name`,flag,p_id AS pId,`level`,create_by AS createBy,create_time AS createTime,update_by AS updateBy,update_time AS updateTime,del_flag AS delFlag FROM ddc_authority WHERE id=? 
2019-06-23 11:58:18,733 [DEBUG] [http-nio-8081-exec-8] com.ddc.server.mapper.DDCAuthMapper.selectById [BaseJdbcLogger.java : 159] ==> Parameters: 1139936539090993(Long)
2019-06-23 11:58:18,737 [DEBUG] [http-nio-8081-exec-8] com.ddc.server.mapper.DDCAuthMapper.selectById [BaseJdbcLogger.java : 159] <==      Total: 1
2019-06-23 11:58:18,739 [DEBUG] [http-nio-8081-exec-8] com.ddc.server.mapper.DDCAuthMapper.selectById [BaseJdbcLogger.java : 159] ==>  Preparing: SELECT id AS id,`name`,flag,p_id AS pId,`level`,create_by AS createBy,create_time AS createTime,update_by AS updateBy,update_time AS updateTime,del_flag AS delFlag FROM ddc_authority WHERE id=? 
2019-06-23 11:58:18,741 [DEBUG] [http-nio-8081-exec-8] com.ddc.server.mapper.DDCAuthMapper.selectById [BaseJdbcLogger.java : 159] ==> Parameters: 1139936539376205(Long)
2019-06-23 11:58:18,743 [DEBUG] [http-nio-8081-exec-8] com.ddc.server.mapper.DDCAuthMapper.selectById [BaseJdbcLogger.java : 159] <==      Total: 1
2019-06-23 11:58:18,744 [DEBUG] [http-nio-8081-exec-8] com.ddc.server.mapper.DDCAuthMapper.selectById [BaseJdbcLogger.java : 159] ==>  Preparing: SELECT id AS id,`name`,flag,p_id AS pId,`level`,create_by AS createBy,create_time AS createTime,update_by AS updateBy,update_time AS updateTime,del_flag AS delFlag FROM ddc_authority WHERE id=? 
2019-06-23 11:58:18,745 [DEBUG] [http-nio-8081-exec-8] com.ddc.server.mapper.DDCAuthMapper.selectById [BaseJdbcLogger.java : 159] ==> Parameters: 1139936539653029(Long)
2019-06-23 11:58:18,747 [DEBUG] [http-nio-8081-exec-8] com.ddc.server.mapper.DDCAuthMapper.selectById [BaseJdbcLogger.java : 159] <==      Total: 1
2019-06-23 11:58:18,748 [DEBUG] [http-nio-8081-exec-8] com.ddc.server.mapper.DDCAuthMapper.selectById [BaseJdbcLogger.java : 159] ==>  Preparing: SELECT id AS id,`name`,flag,p_id AS pId,`level`,create_by AS createBy,create_time AS createTime,update_by AS updateBy,update_time AS updateTime,del_flag AS delFlag FROM ddc_authority WHERE id=? 
2019-06-23 11:58:18,749 [DEBUG] [http-nio-8081-exec-8] com.ddc.server.mapper.DDCAuthMapper.selectById [BaseJdbcLogger.java : 159] ==> Parameters: 1139941080033247(Long)
2019-06-23 11:58:18,751 [DEBUG] [http-nio-8081-exec-8] com.ddc.server.mapper.DDCAuthMapper.selectById [BaseJdbcLogger.java : 159] <==      Total: 1
2019-06-23 11:58:18,754 [DEBUG] [http-nio-8081-exec-8] com.ddc.server.mapper.DDCAuthMapper.selectById [BaseJdbcLogger.java : 159] ==>  Preparing: SELECT id AS id,`name`,flag,p_id AS pId,`level`,create_by AS createBy,create_time AS createTime,update_by AS updateBy,update_time AS updateTime,del_flag AS delFlag FROM ddc_authority WHERE id=? 
2019-06-23 11:58:18,755 [DEBUG] [http-nio-8081-exec-8] com.ddc.server.mapper.DDCAuthMapper.selectById [BaseJdbcLogger.java : 159] ==> Parameters: 1139936539791441(Long)
2019-06-23 11:58:18,758 [DEBUG] [http-nio-8081-exec-8] com.ddc.server.mapper.DDCAuthMapper.selectById [BaseJdbcLogger.java : 159] <==      Total: 1
2019-06-23 11:58:18,760 [DEBUG] [http-nio-8081-exec-8] com.ddc.server.mapper.DDCAuthMapper.selectById [BaseJdbcLogger.java : 159] ==>  Preparing: SELECT id AS id,`name`,flag,p_id AS pId,`level`,create_by AS createBy,create_time AS createTime,update_by AS updateBy,update_time AS updateTime,del_flag AS delFlag FROM ddc_authority WHERE id=? 
2019-06-23 11:58:18,763 [DEBUG] [http-nio-8081-exec-8] com.ddc.server.mapper.DDCAuthMapper.selectById [BaseJdbcLogger.java : 159] ==> Parameters: 1139941078108061(Long)
2019-06-23 11:58:18,766 [DEBUG] [http-nio-8081-exec-8] com.ddc.server.mapper.DDCAuthMapper.selectById [BaseJdbcLogger.java : 159] <==      Total: 1
2019-06-23 11:58:18,769 [DEBUG] [http-nio-8081-exec-8] com.ddc.server.mapper.DDCAuthMapper.selectById [BaseJdbcLogger.java : 159] ==>  Preparing: SELECT id AS id,`name`,flag,p_id AS pId,`level`,create_by AS createBy,create_time AS createTime,update_by AS updateBy,update_time AS updateTime,del_flag AS delFlag FROM ddc_authority WHERE id=? 
2019-06-23 11:58:18,770 [DEBUG] [http-nio-8081-exec-8] com.ddc.server.mapper.DDCAuthMapper.selectById [BaseJdbcLogger.java : 159] ==> Parameters: 1139941079345381(Long)
2019-06-23 11:58:18,773 [DEBUG] [http-nio-8081-exec-8] com.ddc.server.mapper.DDCAuthMapper.selectById [BaseJdbcLogger.java : 159] <==      Total: 1
2019-06-23 11:58:18,774 [DEBUG] [http-nio-8081-exec-8] com.ddc.server.mapper.DDCAuthMapper.selectById [BaseJdbcLogger.java : 159] ==>  Preparing: SELECT id AS id,`name`,flag,p_id AS pId,`level`,create_by AS createBy,create_time AS createTime,update_by AS updateBy,update_time AS updateTime,del_flag AS delFlag FROM ddc_authority WHERE id=? 
2019-06-23 11:58:18,775 [DEBUG] [http-nio-8081-exec-8] com.ddc.server.mapper.DDCAuthMapper.selectById [BaseJdbcLogger.java : 159] ==> Parameters: 1139941079458627(Long)
2019-06-23 11:58:18,777 [DEBUG] [http-nio-8081-exec-8] com.ddc.server.mapper.DDCAuthMapper.selectById [BaseJdbcLogger.java : 159] <==      Total: 1
2019-06-23 11:58:18,778 [DEBUG] [http-nio-8081-exec-8] com.ddc.server.mapper.DDCAuthMapper.selectById [BaseJdbcLogger.java : 159] ==>  Preparing: SELECT id AS id,`name`,flag,p_id AS pId,`level`,create_by AS createBy,create_time AS createTime,update_by AS updateBy,update_time AS updateTime,del_flag AS delFlag FROM ddc_authority WHERE id=? 
2019-06-23 11:58:18,779 [DEBUG] [http-nio-8081-exec-8] com.ddc.server.mapper.DDCAuthMapper.selectById [BaseJdbcLogger.java : 159] ==> Parameters: 1139941079752228(Long)
2019-06-23 11:58:18,784 [DEBUG] [http-nio-8081-exec-8] com.ddc.server.mapper.DDCAuthMapper.selectById [BaseJdbcLogger.java : 159] <==      Total: 1
2019-06-23 11:58:18,786 [DEBUG] [http-nio-8081-exec-8] com.ddc.server.mapper.DDCAuthMapper.selectById [BaseJdbcLogger.java : 159] ==>  Preparing: SELECT id AS id,`name`,flag,p_id AS pId,`level`,create_by AS createBy,create_time AS createTime,update_by AS updateBy,update_time AS updateTime,del_flag AS delFlag FROM ddc_authority WHERE id=? 
2019-06-23 11:58:18,787 [DEBUG] [http-nio-8081-exec-8] com.ddc.server.mapper.DDCAuthMapper.selectById [BaseJdbcLogger.java : 159] ==> Parameters: 1139941080997937(Long)
2019-06-23 11:58:18,789 [DEBUG] [http-nio-8081-exec-8] com.ddc.server.mapper.DDCAuthMapper.selectById [BaseJdbcLogger.java : 159] <==      Total: 1
2019-06-23 11:58:18,791 [DEBUG] [http-nio-8081-exec-8] com.ddc.server.mapper.DDCAuthMapper.selectById [BaseJdbcLogger.java : 159] ==>  Preparing: SELECT id AS id,`name`,flag,p_id AS pId,`level`,create_by AS createBy,create_time AS createTime,update_by AS updateBy,update_time AS updateTime,del_flag AS delFlag FROM ddc_authority WHERE id=? 
2019-06-23 11:58:18,791 [DEBUG] [http-nio-8081-exec-8] com.ddc.server.mapper.DDCAuthMapper.selectById [BaseJdbcLogger.java : 159] ==> Parameters: 1139941080591089(Long)
2019-06-23 11:58:18,793 [DEBUG] [http-nio-8081-exec-8] com.ddc.server.mapper.DDCAuthMapper.selectById [BaseJdbcLogger.java : 159] <==      Total: 1
2019-06-23 11:58:18,794 [DEBUG] [http-nio-8081-exec-8] com.ddc.server.mapper.DDCAuthMapper.selectById [BaseJdbcLogger.java : 159] ==>  Preparing: SELECT id AS id,`name`,flag,p_id AS pId,`level`,create_by AS createBy,create_time AS createTime,update_by AS updateBy,update_time AS updateTime,del_flag AS delFlag FROM ddc_authority WHERE id=? 
2019-06-23 11:58:18,795 [DEBUG] [http-nio-8081-exec-8] com.ddc.server.mapper.DDCAuthMapper.selectById [BaseJdbcLogger.java : 159] ==> Parameters: 1139941080721113(Long)
2019-06-23 11:58:18,797 [DEBUG] [http-nio-8081-exec-8] com.ddc.server.mapper.DDCAuthMapper.selectById [BaseJdbcLogger.java : 159] <==      Total: 1
2019-06-23 11:58:21,127 [INFO] [http-nio-8081-exec-5] com.ddc.server.controller.IndexController [IndexController.java : 34] {"createBy":0,"createTime":"2016-06-10 12:00:00.0","delFlag":0,"email":"hello@qq.com","id":1111110000000009,"mobile":"13000480320","name":"root","password":"d5687e599e970184c3ce560a435d92e5","remark":"123","roleId":1,"salt":"root_427f8be5-9aa0-4509-9926-fba82955bb68","sex":1,"status":0,"updateBy":0,"updateTime":"2019-06-20 23:53:05.0"}
2019-06-23 11:58:22,891 [INFO] [http-nio-8081-exec-2] com.ddc.server.controller.IndexController [IndexController.java : 34] {"createBy":0,"createTime":"2016-06-10 12:00:00.0","delFlag":0,"email":"hello@qq.com","id":1111110000000009,"mobile":"13000480320","name":"root","password":"d5687e599e970184c3ce560a435d92e5","remark":"123","roleId":1,"salt":"root_427f8be5-9aa0-4509-9926-fba82955bb68","sex":1,"status":0,"updateBy":0,"updateTime":"2019-06-20 23:53:05.0"}
2019-06-23 11:58:23,178 [DEBUG] [http-nio-8081-exec-7] com.ddc.server.mapper.DDCRoleMapper.getRoleList [BaseJdbcLogger.java : 159] ==>  Preparing: select r.id , r.name , r.remark , a.name AS adminName from ddc_role r LEFT JOIN ddc_admin a on r.id = a.role_id where r.del_flag = 0 order by id; 
2019-06-23 11:58:23,191 [DEBUG] [http-nio-8081-exec-7] com.ddc.server.mapper.DDCRoleMapper.getRoleList [BaseJdbcLogger.java : 159] ==> Parameters: 
2019-06-23 11:58:23,205 [DEBUG] [http-nio-8081-exec-7] com.ddc.server.mapper.DDCRoleMapper.getRoleList [BaseJdbcLogger.java : 159] <==      Total: 11
2019-06-23 11:58:25,561 [INFO] [http-nio-8081-exec-4] com.ddc.server.controller.IndexController [IndexController.java : 34] {"createBy":0,"createTime":"2016-06-10 12:00:00.0","delFlag":0,"email":"hello@qq.com","id":1111110000000009,"mobile":"13000480320","name":"root","password":"d5687e599e970184c3ce560a435d92e5","remark":"123","roleId":1,"salt":"root_427f8be5-9aa0-4509-9926-fba82955bb68","sex":1,"status":0,"updateBy":0,"updateTime":"2019-06-20 23:53:05.0"}
2019-06-23 11:58:25,922 [DEBUG] [http-nio-8081-exec-4] com.ddc.server.mapper.DDCAdminMapper.getAdminList [BaseJdbcLogger.java : 159] ==>  Preparing: select a.* , r.name AS roleName from ddc_admin a JOIN ddc_role r on a.role_id = r.id where a.del_flag = 0; 
2019-06-23 11:58:25,925 [DEBUG] [http-nio-8081-exec-4] com.ddc.server.mapper.DDCAdminMapper.getAdminList [BaseJdbcLogger.java : 159] ==> Parameters: 
2019-06-23 11:58:25,935 [DEBUG] [http-nio-8081-exec-4] com.ddc.server.mapper.DDCAdminMapper.getAdminList [BaseJdbcLogger.java : 159] <==      Total: 6
2019-06-23 11:58:26,625 [INFO] [http-nio-8081-exec-5] com.ddc.server.controller.IndexController [IndexController.java : 34] {"createBy":0,"createTime":"2016-06-10 12:00:00.0","delFlag":0,"email":"hello@qq.com","id":1111110000000009,"mobile":"13000480320","name":"root","password":"d5687e599e970184c3ce560a435d92e5","remark":"123","roleId":1,"salt":"root_427f8be5-9aa0-4509-9926-fba82955bb68","sex":1,"status":0,"updateBy":0,"updateTime":"2019-06-20 23:53:05.0"}
2019-06-23 11:58:27,044 [DEBUG] [http-nio-8081-exec-1] com.ddc.server.mapper.DDCRoleMapper.getRoleList [BaseJdbcLogger.java : 159] ==>  Preparing: select r.id , r.name , r.remark , a.name AS adminName from ddc_role r LEFT JOIN ddc_admin a on r.id = a.role_id where r.del_flag = 0 order by id; 
2019-06-23 11:58:27,045 [DEBUG] [http-nio-8081-exec-1] com.ddc.server.mapper.DDCRoleMapper.getRoleList [BaseJdbcLogger.java : 159] ==> Parameters: 
2019-06-23 11:58:27,051 [DEBUG] [http-nio-8081-exec-1] com.ddc.server.mapper.DDCRoleMapper.getRoleList [BaseJdbcLogger.java : 159] <==      Total: 11
2019-06-23 11:58:29,082 [INFO] [http-nio-8081-exec-4] com.ddc.server.controller.IndexController [IndexController.java : 46] {"email":"qsblcm@113.com","id":1111110000000012,"mobile":"13001995001","name":"QSBLCM","remark":"hahahaha...","roleId":1,"sex":0,"updateTime":"2019-06-23 11:58:29"}
2019-06-23 11:58:29,458 [DEBUG] [http-nio-8081-exec-9] com.ddc.server.mapper.DDCRoleMapper.getRoleList [BaseJdbcLogger.java : 159] ==>  Preparing: select r.id , r.name , r.remark , a.name AS adminName from ddc_role r LEFT JOIN ddc_admin a on r.id = a.role_id where r.del_flag = 0 order by id; 
2019-06-23 11:58:29,459 [DEBUG] [http-nio-8081-exec-9] com.ddc.server.mapper.DDCRoleMapper.getRoleList [BaseJdbcLogger.java : 159] ==> Parameters: 
2019-06-23 11:58:29,463 [DEBUG] [http-nio-8081-exec-9] com.ddc.server.mapper.DDCRoleMapper.getRoleList [BaseJdbcLogger.java : 159] <==      Total: 11
2019-06-23 11:58:34,492 [INFO] [http-nio-8081-exec-7] com.ddc.server.controller.IndexController [IndexController.java : 34] {"createBy":0,"createTime":"2016-06-10 12:00:00.0","delFlag":0,"email":"hello@qq.com","id":1111110000000009,"mobile":"13000480320","name":"root","password":"d5687e599e970184c3ce560a435d92e5","remark":"123","roleId":1,"salt":"root_427f8be5-9aa0-4509-9926-fba82955bb68","sex":1,"status":0,"updateBy":0,"updateTime":"2019-06-20 23:53:05.0"}
2019-06-23 11:58:34,549 [DEBUG] [http-nio-8081-exec-8] com.ddc.server.mapper.DDCRoleMapper.getRoleList [BaseJdbcLogger.java : 159] ==>  Preparing: select r.id , r.name , r.remark , a.name AS adminName from ddc_role r LEFT JOIN ddc_admin a on r.id = a.role_id where r.del_flag = 0 order by id; 
2019-06-23 11:58:34,550 [DEBUG] [http-nio-8081-exec-8] com.ddc.server.mapper.DDCRoleMapper.getRoleList [BaseJdbcLogger.java : 159] ==> Parameters: 
2019-06-23 11:58:34,554 [DEBUG] [http-nio-8081-exec-8] com.ddc.server.mapper.DDCRoleMapper.getRoleList [BaseJdbcLogger.java : 159] <==      Total: 11
2019-06-23 11:58:58,199 [INFO] [http-nio-8081-exec-3] com.ddc.server.controller.IndexController [IndexController.java : 34] {"createBy":0,"createTime":"2016-06-10 12:00:00.0","delFlag":0,"email":"hello@qq.com","id":1111110000000009,"mobile":"13000480320","name":"root","password":"d5687e599e970184c3ce560a435d92e5","remark":"123","roleId":1,"salt":"root_427f8be5-9aa0-4509-9926-fba82955bb68","sex":1,"status":0,"updateBy":0,"updateTime":"2019-06-20 23:53:05.0"}
2019-06-23 11:58:58,224 [DEBUG] [http-nio-8081-exec-1] com.ddc.server.mapper.DDCAdminMapper.insert [BaseJdbcLogger.java : 159] ==>  Preparing: INSERT INTO ddc_admin ( id, `name`, `password`, salt, sex, mobile, email, role_id, remark, create_by, create_time, update_by, update_time, `status`, del_flag ) VALUES ( ?, ?, ?, ?, ?, ?, ?, ?, ?, ?, ?, ?, ?, ?, ? ) 
2019-06-23 11:58:58,234 [DEBUG] [http-nio-8081-exec-1] com.ddc.server.mapper.DDCAdminMapper.insert [BaseJdbcLogger.java : 159] ==> Parameters: 0(Long), SDD(String), 6a8c0e05275900cb24c0d873ae41b7ef(String), SDD_978e90f0-575c-4fca-bb2e-86397be6ea11(String), 0(Integer), 13001997002(String), root@qq.com(String), 1(Long), (String), 0(Long), 2019-06-23 11:58:58(String), 0(Long), 2019-06-23 11:58:58(String), 0(Integer), 0(Integer)
2019-06-23 11:58:58,244 [DEBUG] [http-nio-8081-exec-1] com.ddc.server.mapper.DDCAdminMapper.insert [BaseJdbcLogger.java : 159] <==    Updates: 1
2019-06-23 11:58:58,279 [DEBUG] [http-nio-8081-exec-4] com.ddc.server.mapper.DDCAdminMapper.getAdminList [BaseJdbcLogger.java : 159] ==>  Preparing: select a.* , r.name AS roleName from ddc_admin a JOIN ddc_role r on a.role_id = r.id where a.del_flag = 0; 
2019-06-23 11:58:58,279 [DEBUG] [http-nio-8081-exec-4] com.ddc.server.mapper.DDCAdminMapper.getAdminList [BaseJdbcLogger.java : 159] ==> Parameters: 
2019-06-23 11:58:58,285 [DEBUG] [http-nio-8081-exec-4] com.ddc.server.mapper.DDCAdminMapper.getAdminList [BaseJdbcLogger.java : 159] <==      Total: 7
2019-06-23 11:59:03,715 [INFO] [Thread-31] o.s.scheduling.concurrent.ThreadPoolTaskExecutor [ExecutorConfigurationSupport.java : 208] Shutting down ExecutorService 'taskAsyncPool'
2019-06-23 11:59:03,716 [INFO] [Thread-31] o.s.scheduling.concurrent.ThreadPoolTaskExecutor [ExecutorConfigurationSupport.java : 208] Shutting down ExecutorService 'taskExecutor'
2019-06-23 11:59:03,724 [INFO] [Thread-31] com.alibaba.druid.pool.DruidDataSource [DruidDataSource.java : 1712] {dataSource-1} closed
